2012-02-24 04:35:59 Error: [MissingTableException] Database table posts for model Post was not found.
#0 /opt/lampp/lib/php/Cake/Model/Model.php(3265): Model->setSource('posts')
#1 /opt/lampp/lib/php/Cake/Model/Model.php(2483): Model->getDataSource()
#2 /home/gautam/public_html/cake-work/cake-mongo/Controller/PostsController.php(12): Model->find('all', Array)
#3 [internal function]: PostsController->index()
#4 /opt/lampp/lib/php/Cake/Controller/Controller.php(473): ReflectionMethod->invokeArgs(Object(PostsController), Array)
#5 /opt/lampp/lib/php/Cake/Routing/Dispatcher.php(104): Controller->invokeAction(Object(CakeRequest))
#6 /opt/lampp/lib/php/Cake/Routing/Dispatcher.php(86): Dispatcher->_invoke(Object(PostsController), Object(CakeRequest), Object(CakeResponse))
#7 /home/gautam/public_html/cake-work/cake-mongo/webroot/index.php(98): Dispatcher->dispatch(Object(CakeRequest), Object(CakeResponse))
#8 {main}
2012-02-24 04:53:59 Error: [MissingViewException] View file "/home/gautam/public_html/cake-work/cake-mongo/View/Posts/index.ctp" is missing.
#0 /opt/lampp/lib/php/Cake/View/View.php(360): View->_getViewFileName(NULL)
#1 /opt/lampp/lib/php/Cake/Controller/Controller.php(900): View->render(NULL, NULL)
#2 /opt/lampp/lib/php/Cake/Routing/Dispatcher.php(111): Controller->render()
#3 /opt/lampp/lib/php/Cake/Routing/Dispatcher.php(86): Dispatcher->_invoke(Object(PostsController), Object(CakeRequest), Object(CakeResponse))
#4 /home/gautam/public_html/cake-work/cake-mongo/webroot/index.php(98): Dispatcher->dispatch(Object(CakeRequest), Object(CakeResponse))
#5 {main}
2012-02-24 04:54:01 Error: [MissingViewException] View file "/home/gautam/public_html/cake-work/cake-mongo/View/Posts/index.ctp" is missing.
#0 /opt/lampp/lib/php/Cake/View/View.php(360): View->_getViewFileName(NULL)
#1 /opt/lampp/lib/php/Cake/Controller/Controller.php(900): View->render(NULL, NULL)
#2 /opt/lampp/lib/php/Cake/Routing/Dispatcher.php(111): Controller->render()
#3 /opt/lampp/lib/php/Cake/Routing/Dispatcher.php(86): Dispatcher->_invoke(Object(PostsController), Object(CakeRequest), Object(CakeResponse))
#4 /home/gautam/public_html/cake-work/cake-mongo/webroot/index.php(98): Dispatcher->dispatch(Object(CakeRequest), Object(CakeResponse))
#5 {main}
2012-02-24 04:54:12 Error: [MissingViewException] View file "/home/gautam/public_html/cake-work/cake-mongo/View/Posts/index.ctp" is missing.
#0 /opt/lampp/lib/php/Cake/View/View.php(360): View->_getViewFileName(NULL)
#1 /opt/lampp/lib/php/Cake/Controller/Controller.php(900): View->render(NULL, NULL)
#2 /opt/lampp/lib/php/Cake/Routing/Dispatcher.php(111): Controller->render()
#3 /opt/lampp/lib/php/Cake/Routing/Dispatcher.php(86): Dispatcher->_invoke(Object(PostsController), Object(CakeRequest), Object(CakeResponse))
#4 /home/gautam/public_html/cake-work/cake-mongo/webroot/index.php(98): Dispatcher->dispatch(Object(CakeRequest), Object(CakeResponse))
#5 {main}
2012-02-24 04:56:17 Error: [MissingViewException] View file "/home/gautam/public_html/cake-work/cake-mongo/View/Posts/index.ctp" is missing.
#0 /opt/lampp/lib/php/Cake/View/View.php(360): View->_getViewFileName(NULL)
#1 /opt/lampp/lib/php/Cake/Controller/Controller.php(900): View->render(NULL, NULL)
#2 /opt/lampp/lib/php/Cake/Routing/Dispatcher.php(111): Controller->render()
#3 /opt/lampp/lib/php/Cake/Routing/Dispatcher.php(86): Dispatcher->_invoke(Object(PostsController), Object(CakeRequest), Object(CakeResponse))
#4 /home/gautam/public_html/cake-work/cake-mongo/webroot/index.php(98): Dispatcher->dispatch(Object(CakeRequest), Object(CakeResponse))
#5 {main}
2012-02-24 04:56:18 Error: [MissingViewException] View file "/home/gautam/public_html/cake-work/cake-mongo/View/Posts/index.ctp" is missing.
#0 /opt/lampp/lib/php/Cake/View/View.php(360): View->_getViewFileName(NULL)
#1 /opt/lampp/lib/php/Cake/Controller/Controller.php(900): View->render(NULL, NULL)
#2 /opt/lampp/lib/php/Cake/Routing/Dispatcher.php(111): Controller->render()
#3 /opt/lampp/lib/php/Cake/Routing/Dispatcher.php(86): Dispatcher->_invoke(Object(PostsController), Object(CakeRequest), Object(CakeResponse))
#4 /home/gautam/public_html/cake-work/cake-mongo/webroot/index.php(98): Dispatcher->dispatch(Object(CakeRequest), Object(CakeResponse))
#5 {main}
2012-02-24 04:56:19 Error: [MissingViewException] View file "/home/gautam/public_html/cake-work/cake-mongo/View/Posts/index.ctp" is missing.
#0 /opt/lampp/lib/php/Cake/View/View.php(360): View->_getViewFileName(NULL)
#1 /opt/lampp/lib/php/Cake/Controller/Controller.php(900): View->render(NULL, NULL)
#2 /opt/lampp/lib/php/Cake/Routing/Dispatcher.php(111): Controller->render()
#3 /opt/lampp/lib/php/Cake/Routing/Dispatcher.php(86): Dispatcher->_invoke(Object(PostsController), Object(CakeRequest), Object(CakeResponse))
#4 /home/gautam/public_html/cake-work/cake-mongo/webroot/index.php(98): Dispatcher->dispatch(Object(CakeRequest), Object(CakeResponse))
#5 {main}
2012-02-24 04:56:19 Error: [MissingViewException] View file "/home/gautam/public_html/cake-work/cake-mongo/View/Posts/index.ctp" is missing.
#0 /opt/lampp/lib/php/Cake/View/View.php(360): View->_getViewFileName(NULL)
#1 /opt/lampp/lib/php/Cake/Controller/Controller.php(900): View->render(NULL, NULL)
#2 /opt/lampp/lib/php/Cake/Routing/Dispatcher.php(111): Controller->render()
#3 /opt/lampp/lib/php/Cake/Routing/Dispatcher.php(86): Dispatcher->_invoke(Object(PostsController), Object(CakeRequest), Object(CakeResponse))
#4 /home/gautam/public_html/cake-work/cake-mongo/webroot/index.php(98): Dispatcher->dispatch(Object(CakeRequest), Object(CakeResponse))
#5 {main}
2012-02-24 04:56:20 Error: [MissingViewException] View file "/home/gautam/public_html/cake-work/cake-mongo/View/Posts/index.ctp" is missing.
#0 /opt/lampp/lib/php/Cake/View/View.php(360): View->_getViewFileName(NULL)
#1 /opt/lampp/lib/php/Cake/Controller/Controller.php(900): View->render(NULL, NULL)
#2 /opt/lampp/lib/php/Cake/Routing/Dispatcher.php(111): Controller->render()
#3 /opt/lampp/lib/php/Cake/Routing/Dispatcher.php(86): Dispatcher->_invoke(Object(PostsController), Object(CakeRequest), Object(CakeResponse))
#4 /home/gautam/public_html/cake-work/cake-mongo/webroot/index.php(98): Dispatcher->dispatch(Object(CakeRequest), Object(CakeResponse))
#5 {main}
2012-02-24 05:09:20 Error: [MissingActionException] Action PostsController::edit() could not be found.
#0 /opt/lampp/lib/php/Cake/Routing/Dispatcher.php(104): Controller->invokeAction(Object(CakeRequest))
#1 /opt/lampp/lib/php/Cake/Routing/Dispatcher.php(86): Dispatcher->_invoke(Object(PostsController), Object(CakeRequest), Object(CakeResponse))
#2 /home/gautam/public_html/cake-work/cake-mongo/webroot/index.php(98): Dispatcher->dispatch(Object(CakeRequest), Object(CakeResponse))
#3 {main}
2012-02-24 05:09:23 Error: [MissingActionException] Action PostsController::delete() could not be found.
#0 /opt/lampp/lib/php/Cake/Routing/Dispatcher.php(104): Controller->invokeAction(Object(CakeRequest))
#1 /opt/lampp/lib/php/Cake/Routing/Dispatcher.php(86): Dispatcher->_invoke(Object(PostsController), Object(CakeRequest), Object(CakeResponse))
#2 /home/gautam/public_html/cake-work/cake-mongo/webroot/index.php(98): Dispatcher->dispatch(Object(CakeRequest), Object(CakeResponse))
#3 {main}
2012-02-24 05:09:30 Error: [MissingActionException] Action PostsController::edit() could not be found.
#0 /opt/lampp/lib/php/Cake/Routing/Dispatcher.php(104): Controller->invokeAction(Object(CakeRequest))
#1 /opt/lampp/lib/php/Cake/Routing/Dispatcher.php(86): Dispatcher->_invoke(Object(PostsController), Object(CakeRequest), Object(CakeResponse))
#2 /home/gautam/public_html/cake-work/cake-mongo/webroot/index.php(98): Dispatcher->dispatch(Object(CakeRequest), Object(CakeResponse))
#3 {main}
2012-02-24 05:09:34 Error: [MissingActionException] Action PostsController::delete() could not be found.
#0 /opt/lampp/lib/php/Cake/Routing/Dispatcher.php(104): Controller->invokeAction(Object(CakeRequest))
#1 /opt/lampp/lib/php/Cake/Routing/Dispatcher.php(86): Dispatcher->_invoke(Object(PostsController), Object(CakeRequest), Object(CakeResponse))
#2 /home/gautam/public_html/cake-work/cake-mongo/webroot/index.php(98): Dispatcher->dispatch(Object(CakeRequest), Object(CakeResponse))
#3 {main}
2012-02-25 13:07:01 Error: [MissingDatasourceException] Datasource class MongodbSource could not be found.
#0 /opt/lampp/lib/php/Cake/Model/ConnectionManager.php(97): ConnectionManager::loadDataSource('default')
#1 /opt/lampp/lib/php/Cake/Model/Model.php(3241): ConnectionManager::getDataSource('default')
#2 /opt/lampp/lib/php/Cake/Model/Model.php(1030): Model->setDataSource('default')
#3 /opt/lampp/lib/php/Cake/Model/Model.php(3265): Model->setSource('posts')
#4 /opt/lampp/lib/php/Cake/Model/Model.php(2483): Model->getDataSource()
#5 /home/gautam/public_html/cake-work/cake-mongo/Controller/PostsController.php(12): Model->find('all', Array)
#6 [internal function]: PostsController->index()
#7 /opt/lampp/lib/php/Cake/Controller/Controller.php(473): ReflectionMethod->invokeArgs(Object(PostsController), Array)
#8 /opt/lampp/lib/php/Cake/Routing/Dispatcher.php(104): Controller->invokeAction(Object(CakeRequest))
#9 /opt/lampp/lib/php/Cake/Routing/Dispatcher.php(86): Dispatcher->_invoke(Object(PostsController), Object(CakeRequest), Object(CakeResponse))
#10 /home/gautam/public_html/cake-work/cake-mongo/webroot/index.php(98): Dispatcher->dispatch(Object(CakeRequest), Object(CakeResponse))
#11 {main}
2012-02-25 13:57:04 Error: [MissingControllerException] Controller class DeleteallController could not be found.
#0 /home/gautam/public_html/cake-work/cake-mongo/webroot/index.php(98): Dispatcher->dispatch(Object(CakeRequest), Object(CakeResponse))
#1 {main}
2012-02-25 13:57:15 Error: [MissingControllerException] Controller class DeleteallController could not be found.
#0 /home/gautam/public_html/cake-work/cake-mongo/webroot/index.php(98): Dispatcher->dispatch(Object(CakeRequest), Object(CakeResponse))
#1 {main}
2012-02-25 16:26:36 Error: [MissingControllerException] Controller class SubdocumentController could not be found.
#0 /home/gautam/public_html/cake-work/cake-mongo/webroot/index.php(98): Dispatcher->dispatch(Object(CakeRequest), Object(CakeResponse))
#1 {main}
2012-02-25 17:11:25 Error: [MissingViewException] View file "/home/gautam/public_html/cake-work/cake-mongo/View/Posts/index.ctp" is missing.
#0 /opt/lampp/lib/php/Cake/View/View.php(360): View->_getViewFileName(NULL)
#1 /opt/lampp/lib/php/Cake/Controller/Controller.php(900): View->render(NULL, NULL)
#2 /opt/lampp/lib/php/Cake/Routing/Dispatcher.php(111): Controller->render()
#3 /opt/lampp/lib/php/Cake/Routing/Dispatcher.php(86): Dispatcher->_invoke(Object(PostsController), Object(CakeRequest), Object(CakeResponse))
#4 /home/gautam/public_html/cake-work/cake-mongo/webroot/index.php(98): Dispatcher->dispatch(Object(CakeRequest), Object(CakeResponse))
#5 {main}
2012-02-25 17:11:44 Error: [MissingViewException] View file "/home/gautam/public_html/cake-work/cake-mongo/View/Posts/index.ctp" is missing.
#0 /opt/lampp/lib/php/Cake/View/View.php(360): View->_getViewFileName(NULL)
#1 /opt/lampp/lib/php/Cake/Controller/Controller.php(900): View->render(NULL, NULL)
#2 /opt/lampp/lib/php/Cake/Routing/Dispatcher.php(111): Controller->render()
#3 /opt/lampp/lib/php/Cake/Routing/Dispatcher.php(86): Dispatcher->_invoke(Object(PostsController), Object(CakeRequest), Object(CakeResponse))
#4 /home/gautam/public_html/cake-work/cake-mongo/webroot/index.php(98): Dispatcher->dispatch(Object(CakeRequest), Object(CakeResponse))
#5 {main}
2012-02-25 18:58:10 Error: [MongoCursorException] couldn't send command
#0 /home/gautam/public_html/cake-work/cake-mongo/Plugin/Mongodb/Model/Datasource/MongodbSource.php(1010): MongoCursor->count(true)
#1 /opt/lampp/lib/php/Cake/Model/Model.php(2483): MongodbSource->read(Object(Post), Array)
#2 /home/gautam/public_html/cake-work/cake-mongo/Controller/PostsController.php(42): Model->find('all', Array)
#3 [internal function]: PostsController->index()
#4 /opt/lampp/lib/php/Cake/Controller/Controller.php(473): ReflectionMethod->invokeArgs(Object(PostsController), Array)
#5 /opt/lampp/lib/php/Cake/Routing/Dispatcher.php(104): Controller->invokeAction(Object(CakeRequest))
#6 /opt/lampp/lib/php/Cake/Routing/Dispatcher.php(86): Dispatcher->_invoke(Object(PostsController), Object(CakeRequest), Object(CakeResponse))
#7 /home/gautam/public_html/cake-work/cake-mongo/webroot/index.php(98): Dispatcher->dispatch(Object(CakeRequest), Object(CakeResponse))
#8 {main}
