2012-02-20 15:34:54 Error: [MissingControllerException] Controller class LoginController could not be found.
#0 /home/gautam/public_html/cake-work/webroot/index.php(98): Dispatcher->dispatch(Object(CakeRequest), Object(CakeResponse))
#1 {main}
2012-02-20 15:39:57 Error: [PDOException] SQLSTATE[23000]: Integrity constraint violation: 1062 Duplicate entry 'gautam@k.com' for key 'email'
#0 /opt/lampp/lib/php/Cake/Model/Datasource/DboSource.php(436): PDOStatement->execute(Array)
#1 /opt/lampp/lib/php/Cake/Model/Datasource/DboSource.php(403): DboSource->_execute('INSERT INTO `lo...', Array)
#2 /opt/lampp/lib/php/Cake/Model/Datasource/DboSource.php(967): DboSource->execute('INSERT INTO `lo...')
#3 /opt/lampp/lib/php/Cake/Model/Model.php(1646): DboSource->create(Object(Login), Array, Array)
#4 /home/gautam/public_html/cake-work/Controller/LoginsController.php(128): Model->save(Array)
#5 [internal function]: LoginsController->admin_add()
#6 /opt/lampp/lib/php/Cake/Controller/Controller.php(473): ReflectionMethod->invokeArgs(Object(LoginsController), Array)
#7 /opt/lampp/lib/php/Cake/Routing/Dispatcher.php(104): Controller->invokeAction(Object(CakeRequest))
#8 /opt/lampp/lib/php/Cake/Routing/Dispatcher.php(86): Dispatcher->_invoke(Object(LoginsController), Object(CakeRequest), Object(CakeResponse))
#9 /home/gautam/public_html/cake-work/webroot/index.php(98): Dispatcher->dispatch(Object(CakeRequest), Object(CakeResponse))
#10 {main}
2012-02-20 15:54:42 Error: [MissingActionException] Action AppController::index() could not be found.
#0 /opt/lampp/lib/php/Cake/Routing/Dispatcher.php(104): Controller->invokeAction(Object(CakeRequest))
#1 /opt/lampp/lib/php/Cake/Routing/Dispatcher.php(86): Dispatcher->_invoke(Object(AppController), Object(CakeRequest), Object(CakeResponse))
#2 /home/gautam/public_html/cake-work/webroot/index.php(98): Dispatcher->dispatch(Object(CakeRequest), Object(CakeResponse))
#3 {main}
2012-02-20 15:54:44 Error: [MissingControllerException] Controller class AppsController could not be found.
#0 /home/gautam/public_html/cake-work/webroot/index.php(98): Dispatcher->dispatch(Object(CakeRequest), Object(CakeResponse))
#1 {main}
2012-02-20 15:54:49 Error: [MissingActionException] Action AppController::index() could not be found.
#0 /opt/lampp/lib/php/Cake/Routing/Dispatcher.php(104): Controller->invokeAction(Object(CakeRequest))
#1 /opt/lampp/lib/php/Cake/Routing/Dispatcher.php(86): Dispatcher->_invoke(Object(AppController), Object(CakeRequest), Object(CakeResponse))
#2 /home/gautam/public_html/cake-work/webroot/index.php(98): Dispatcher->dispatch(Object(CakeRequest), Object(CakeResponse))
#3 {main}
2012-02-20 16:19:37 Error: [PDOException] SQLSTATE[23000]: Integrity constraint violation: 1062 Duplicate entry 'gautam' for key 'username'
#0 /opt/lampp/lib/php/Cake/Model/Datasource/DboSource.php(436): PDOStatement->execute(Array)
#1 /opt/lampp/lib/php/Cake/Model/Datasource/DboSource.php(403): DboSource->_execute('INSERT INTO `us...', Array)
#2 /opt/lampp/lib/php/Cake/Model/Datasource/DboSource.php(967): DboSource->execute('INSERT INTO `us...')
#3 /opt/lampp/lib/php/Cake/Model/Model.php(1646): DboSource->create(Object(User), Array, Array)
#4 /home/gautam/public_html/cake-work/Controller/UsersController.php(58): Model->save(Array)
#5 [internal function]: UsersController->add()
#6 /opt/lampp/lib/php/Cake/Controller/Controller.php(473): ReflectionMethod->invokeArgs(Object(UsersController), Array)
#7 /opt/lampp/lib/php/Cake/Routing/Dispatcher.php(104): Controller->invokeAction(Object(CakeRequest))
#8 /opt/lampp/lib/php/Cake/Routing/Dispatcher.php(86): Dispatcher->_invoke(Object(UsersController), Object(CakeRequest), Object(CakeResponse))
#9 /home/gautam/public_html/cake-work/webroot/index.php(98): Dispatcher->dispatch(Object(CakeRequest), Object(CakeResponse))
#10 {main}
2012-02-20 16:20:05 Error: [MissingControllerException] Controller class LogoutController could not be found.
#0 /home/gautam/public_html/cake-work/webroot/index.php(98): Dispatcher->dispatch(Object(CakeRequest), Object(CakeResponse))
#1 {main}
2012-02-20 16:20:31 Error: [MethodNotAllowedException] Method Not Allowed
#0 [internal function]: UsersController->delete('1')
#1 /opt/lampp/lib/php/Cake/Controller/Controller.php(473): ReflectionMethod->invokeArgs(Object(UsersController), Array)
#2 /opt/lampp/lib/php/Cake/Routing/Dispatcher.php(104): Controller->invokeAction(Object(CakeRequest))
#3 /opt/lampp/lib/php/Cake/Routing/Dispatcher.php(86): Dispatcher->_invoke(Object(UsersController), Object(CakeRequest), Object(CakeResponse))
#4 /home/gautam/public_html/cake-work/webroot/index.php(98): Dispatcher->dispatch(Object(CakeRequest), Object(CakeResponse))
#5 {main}
